17:44 - INFO - Fetching list of older versions
17:44 - INFO - Fetched list of older versions!
17:44 - INFO - Retrieved Database Info
17:44 - INFO - Downloading Update: 1480
17:45 - ERROR - Could not load file or assembly '7z.NET, Version=1.0.3.0, Culture=neutral, PublicKeyToken=null' or one of its dependencies. The system cannot find the file specified.
17:45 - ERROR -    at Yuzu_Updater.MainForm.DownloadCompleted(FileDownloadInfo info)
   at Yuzu_Updater.MainForm.WebClient_DownloadFileCompleted(Object sender, AsyncCompletedEventArgs e)
17:46 - INFO - Fetching list of older versions
17:46 - INFO - Fetched list of older versions!
17:46 - INFO - Retrieved Database Info
17:46 - INFO - Downloading Update: 1480
17:47 - INFO - Extracting files..
This may take a while..
17:47 - INFO - Cleaning Up
17:47 - INFO - Done!
17:47 - INFO - Downloading version 1480
This will take while..
17:47 - INFO - An error occurred, please check the logs for the issue
17:47 - ERROR - Invalid URI: The URI is empty.
17:47 - ERROR -    at System.Uri.CreateThis(String uri, Boolean dontEscape, UriKind uriKind)
   at System.Uri..ctor(String uriString)
   at Yuzu_Updater.MainForm.<DownloadVersion>d__12.MoveNext()
17:47 - INFO - An error occurred, please check the logs for the issue
17:47 - ERROR - File could not be found.
Parameter name: filename
17:47 - ERROR -    at SevenZipNET.SevenZipExtractor..ctor(String filename) in C:\Users\Admin\Documents\Visual Studio 2015\Projects\7z.NET\7z.NET\SevenZipExtractor.cs:line 48
   at Yuzu_Updater.MainForm.ArchiveDownloadCompleted(FileDownloadInfo info)
