16:36 - INFO - Fetching list of older versions
16:36 - INFO - Fetched list of older versions!
16:36 - INFO - Retrieved Database Info
16:36 - INFO - Downloading Update: 1480
16:37 - INFO - Extracting files..
This may take a while..
16:37 - INFO - Cleaning Up
16:37 - INFO - Done!
17:00 - INFO - Fetching list of older versions
17:00 - INFO - Fetched list of older versions!
17:00 - INFO - Retrieved Database Info
17:00 - INFO - You have the latest version!
17:00 - INFO - Downloading version 1480
This will take while..
17:01 - INFO - Fetching list of older versions
17:01 - INFO - Fetched list of older versions!
17:01 - INFO - Downloading version 1480
This will take while..
17:04 - INFO - Fetching list of older versions
17:04 - INFO - Fetched list of older versions!
17:04 - INFO - Downloading version 1480
This will take while..
17:04 - INFO - Fetching list of older versions
17:04 - INFO - Fetched list of older versions!
17:04 - INFO - Downloading version 1480
This will take while..
17:05 - INFO - Fetching list of older versions
17:05 - INFO - Fetched list of older versions!
17:05 - INFO - Downloading version 1479
This will take while..
17:06 - INFO - Fetching list of older versions
17:06 - INFO - Fetched list of older versions!
17:07 - INFO - Downloading version 1479
This will take while..
17:08 - INFO - An error occurred, please check the logs for the issue
17:08 - ERROR - File could not be found.
Parameter name: filename
17:08 - ERROR -    at SevenZipNET.SevenZipExtractor..ctor(String filename) in C:\Users\Admin\Documents\Visual Studio 2015\Projects\7z.NET\7z.NET\SevenZipExtractor.cs:line 48
   at Yuzu_Updater.MainForm.ArchiveDownloadCompleted(FileDownloadInfo info) in C:\Users\troy0\Documents\Yuzu-Updater\MainWindow.cs:line 388
17:12 - INFO - Fetching list of older versions
17:12 - INFO - Fetched list of older versions!
17:12 - INFO - Downloading version 1479
This will take while..
17:14 - INFO - Fetching list of older versions
17:14 - INFO - Fetched list of older versions!
17:14 - INFO - Downloading version 1479
This will take while..
17:14 - INFO - Fetching list of older versions
17:14 - INFO - Fetched list of older versions!
17:14 - INFO - Downloading version 1479
This will take while..
17:18 - INFO - Fetching list of older versions
17:18 - INFO - Fetched list of older versions!
17:18 - INFO - Downloading version 1479
This will take while..
17:28 - INFO - Fetching list of older versions
17:28 - INFO - Fetched list of older versions!
17:28 - INFO - Downloading version 1479
This will take while..
17:29 - INFO - An error occurred, please check the logs for the issue
17:29 - ERROR - File could not be found.
Parameter name: filename
17:29 - ERROR -    at SevenZipNET.SevenZipExtractor..ctor(String filename) in C:\Users\Admin\Documents\Visual Studio 2015\Projects\7z.NET\7z.NET\SevenZipExtractor.cs:line 48
   at Yuzu_Updater.MainForm.ArchiveDownloadCompleted(FileDownloadInfo info) in C:\Users\troy0\Documents\Yuzu-Updater\MainWindow.cs:line 399
17:31 - INFO - An error occurred, please check the logs for the issue
17:31 - ERROR - File could not be found.
Parameter name: filename
17:31 - ERROR -    at SevenZipNET.SevenZipExtractor..ctor(String filename) in C:\Users\Admin\Documents\Visual Studio 2015\Projects\7z.NET\7z.NET\SevenZipExtractor.cs:line 48
   at Yuzu_Updater.MainForm.ArchiveDownloadCompleted(FileDownloadInfo info) in C:\Users\troy0\Documents\Yuzu-Updater\MainWindow.cs:line 399
17:37 - INFO - Fetching list of older versions
17:37 - INFO - Fetched list of older versions!
17:37 - INFO - Downloading version 1479
This will take while..
17:39 - INFO - Fetching list of older versions
17:39 - INFO - Fetched list of older versions!
17:39 - INFO - Downloading version 1479
This will take while..
17:39 - INFO - An error occurred, please check the logs for the issue
17:39 - ERROR - Invalid URI: The URI is empty.
17:39 - ERROR -    at System.Uri.CreateThis(String uri, Boolean dontEscape, UriKind uriKind)
   at Yuzu_Updater.MainForm.<DownloadVersion>d__12.MoveNext() in C:\Users\troy0\Documents\Yuzu-Updater\MainWindow.cs:line 357
17:39 - INFO - An error occurred, please check the logs for the issue
17:39 - ERROR - File could not be found.
Parameter name: filename
17:39 - ERROR -    at SevenZipNET.SevenZipExtractor..ctor(String filename) in C:\Users\Admin\Documents\Visual Studio 2015\Projects\7z.NET\7z.NET\SevenZipExtractor.cs:line 48
   at Yuzu_Updater.MainForm.ArchiveDownloadCompleted(FileDownloadInfo info) in C:\Users\troy0\Documents\Yuzu-Updater\MainWindow.cs:line 397
17:41 - INFO - Fetching list of older versions
17:41 - INFO - Fetched list of older versions!
17:41 - INFO - Downloading version 1479
This will take while..
17:41 - INFO - An error occurred, please check the logs for the issue
17:41 - ERROR - Invalid URI: The URI is empty.
17:41 - ERROR -    at System.Uri.CreateThis(String uri, Boolean dontEscape, UriKind uriKind)
   at Yuzu_Updater.MainForm.<DownloadVersion>d__12.MoveNext() in C:\Users\troy0\Documents\Yuzu-Updater\MainWindow.cs:line 357
17:41 - INFO - An error occurred, please check the logs for the issue
17:41 - ERROR - File could not be found.
Parameter name: filename
17:41 - ERROR -    at SevenZipNET.SevenZipExtractor..ctor(String filename) in C:\Users\Admin\Documents\Visual Studio 2015\Projects\7z.NET\7z.NET\SevenZipExtractor.cs:line 48
   at Yuzu_Updater.MainForm.ArchiveDownloadCompleted(FileDownloadInfo info) in C:\Users\troy0\Documents\Yuzu-Updater\MainWindow.cs:line 397
17:42 - INFO - Fetching list of older versions
17:42 - INFO - Fetched list of older versions!
17:42 - INFO - Downloading version 1479
This will take while..
17:42 - INFO - An error occurred, please check the logs for the issue
17:42 - ERROR - Invalid URI: The URI is empty.
17:42 - ERROR -    at System.Uri.CreateThis(String uri, Boolean dontEscape, UriKind uriKind)
   at Yuzu_Updater.MainForm.<DownloadVersion>d__12.MoveNext() in C:\Users\troy0\Documents\Yuzu-Updater\MainWindow.cs:line 358
17:43 - INFO - Fetching list of older versions
17:43 - INFO - Fetched list of older versions!
17:43 - INFO - Downloading version 1479
This will take while..
17:43 - INFO - An error occurred, please check the logs for the issue
17:43 - ERROR - Invalid URI: The URI is empty.
17:43 - ERROR -    at System.Uri.CreateThis(String uri, Boolean dontEscape, UriKind uriKind)
   at Yuzu_Updater.MainForm.<DownloadVersion>d__12.MoveNext() in C:\Users\troy0\Documents\Yuzu-Updater\MainWindow.cs:line 358
17:43 - INFO - An error occurred, please check the logs for the issue
17:43 - ERROR - File could not be found.
Parameter name: filename
17:43 - ERROR -    at SevenZipNET.SevenZipExtractor..ctor(String filename) in C:\Users\Admin\Documents\Visual Studio 2015\Projects\7z.NET\7z.NET\SevenZipExtractor.cs:line 48
   at Yuzu_Updater.MainForm.ArchiveDownloadCompleted(FileDownloadInfo info) in C:\Users\troy0\Documents\Yuzu-Updater\MainWindow.cs:line 398
